<?xml version="1.0" encoding="UTF-8" ?>
<testsuite errors="0" failures="0" hostname="DESKTOP-UU8QLAT" name="RationalTest" skipped="0" tests="7" time="0.036" timestamp="2022-09-16T04:05:39">
  <properties>
    <property name="sun.desktop" value="windows" />
    <property name="ant.library.dir" value="C:\Program Files\JetBrains\IntelliJ IDEA Community Edition 2021.3.3\lib\ant\lib" />
    <property name="awt.toolkit" value="sun.awt.windows.WToolkit" />
    <property name="ant.file.type" value="file" />
    <property name="java.specification.version" value="11" />
    <property name="sun.cpu.isalist" value="amd64" />
    <property name="sun.jnu.encoding" value="MS874" />
    <property name="java.class.path" value="C:\Program Files\Java\jdk-11.0.12!\java.base;C:\Program Files\Java\jdk-11.0.12!\java.compiler;C:\Program Files\Java\jdk-11.0.12!\java.datatransfer;C:\Program Files\Java\jdk-11.0.12!\java.desktop;C:\Program Files\Java\jdk-11.0.12!\java.instrument;C:\Program Files\Java\jdk-11.0.12!\java.logging;C:\Program Files\Java\jdk-11.0.12!\java.management;C:\Program Files\Java\jdk-11.0.12!\java.management.rmi;C:\Program Files\Java\jdk-11.0.12!\java.naming;C:\Program Files\Java\jdk-11.0.12!\java.net.http;C:\Program Files\Java\jdk-11.0.12!\java.prefs;C:\Program Files\Java\jdk-11.0.12!\java.rmi;C:\Program Files\Java\jdk-11.0.12!\java.scripting;C:\Program Files\Java\jdk-11.0.12!\java.se;C:\Program Files\Java\jdk-11.0.12!\java.security.jgss;C:\Program Files\Java\jdk-11.0.12!\java.security.sasl;C:\Program Files\Java\jdk-11.0.12!\java.smartcardio;C:\Program Files\Java\jdk-11.0.12!\java.sql;C:\Program Files\Java\jdk-11.0.12!\java.sql.rowset;C:\Program Files\Java\jdk-11.0.12!\java.transaction.xa;C:\Program Files\Java\jdk-11.0.12!\java.xml;C:\Program Files\Java\jdk-11.0.12!\java.xml.crypto;C:\Program Files\Java\jdk-11.0.12!\jdk.accessibility;C:\Program Files\Java\jdk-11.0.12!\jdk.aot;C:\Program Files\Java\jdk-11.0.12!\jdk.attach;C:\Program Files\Java\jdk-11.0.12!\jdk.charsets;C:\Program Files\Java\jdk-11.0.12!\jdk.compiler;C:\Program Files\Java\jdk-11.0.12!\jdk.crypto.cryptoki;C:\Program Files\Java\jdk-11.0.12!\jdk.crypto.ec;C:\Program Files\Java\jdk-11.0.12!\jdk.crypto.mscapi;C:\Program Files\Java\jdk-11.0.12!\jdk.dynalink;C:\Program Files\Java\jdk-11.0.12!\jdk.editpad;C:\Program Files\Java\jdk-11.0.12!\jdk.hotspot.agent;C:\Program Files\Java\jdk-11.0.12!\jdk.httpserver;C:\Program Files\Java\jdk-11.0.12!\jdk.internal.ed;C:\Program Files\Java\jdk-11.0.12!\jdk.internal.jvmstat;C:\Program Files\Java\jdk-11.0.12!\jdk.internal.le;C:\Program Files\Java\jdk-11.0.12!\jdk.internal.opt;C:\Program Files\Java\jdk-11.0.12!\jdk.internal.vm.ci;C:\Program Files\Java\jdk-11.0.12!\jdk.internal.vm.compiler;C:\Program Files\Java\jdk-11.0.12!\jdk.internal.vm.compiler.management;C:\Program Files\Java\jdk-11.0.12!\jdk.jartool;C:\Program Files\Java\jdk-11.0.12!\jdk.javadoc;C:\Program Files\Java\jdk-11.0.12!\jdk.jcmd;C:\Program Files\Java\jdk-11.0.12!\jdk.jconsole;C:\Program Files\Java\jdk-11.0.12!\jdk.jdeps;C:\Program Files\Java\jdk-11.0.12!\jdk.jdi;C:\Program Files\Java\jdk-11.0.12!\jdk.jdwp.agent;C:\Program Files\Java\jdk-11.0.12!\jdk.jfr;C:\Program Files\Java\jdk-11.0.12!\jdk.jlink;C:\Program Files\Java\jdk-11.0.12!\jdk.jshell;C:\Program Files\Java\jdk-11.0.12!\jdk.jsobject;C:\Program Files\Java\jdk-11.0.12!\jdk.jstatd;C:\Program Files\Java\jdk-11.0.12!\jdk.localedata;C:\Program Files\Java\jdk-11.0.12!\jdk.management;C:\Program Files\Java\jdk-11.0.12!\jdk.management.agent;C:\Program Files\Java\jdk-11.0.12!\jdk.management.jfr;C:\Program Files\Java\jdk-11.0.12!\jdk.naming.dns;C:\Program Files\Java\jdk-11.0.12!\jdk.naming.ldap;C:\Program Files\Java\jdk-11.0.12!\jdk.naming.rmi;C:\Program Files\Java\jdk-11.0.12!\jdk.net;C:\Program Files\Java\jdk-11.0.12!\jdk.pack;C:\Program Files\Java\jdk-11.0.12!\jdk.rmic;C:\Program Files\Java\jdk-11.0.12!\jdk.scripting.nashorn;C:\Program Files\Java\jdk-11.0.12!\jdk.scripting.nashorn.shell;C:\Program Files\Java\jdk-11.0.12!\jdk.sctp;C:\Program Files\Java\jdk-11.0.12!\jdk.security.auth;C:\Program Files\Java\jdk-11.0.12!\jdk.security.jgss;C:\Program Files\Java\jdk-11.0.12!\jdk.unsupported;C:\Program Files\Java\jdk-11.0.12!\jdk.unsupported.desktop;C:\Program Files\Java\jdk-11.0.12!\jdk.xml.dom;C:\Program Files\Java\jdk-11.0.12!\jdk.zipfs;C:\Program Files\JetBrains\IntelliJ IDEA Community Edition 2021.3.3\lib\ant\lib\ant-antlr.jar;C:\Program Files\JetBrains\IntelliJ IDEA Community Edition 2021.3.3\lib\ant\lib\ant-apache-bcel.jar;C:\Program Files\JetBrains\IntelliJ IDEA Community Edition 2021.3.3\lib\ant\lib\ant-apache-bsf.jar;C:\Program Files\JetBrains\IntelliJ IDEA Community Edition 2021.3.3\lib\ant\lib\ant-apache-log4j.jar;C:\Program Files\JetBrains\IntelliJ IDEA Community Edition 2021.3.3\lib\ant\lib\ant-apache-oro.jar;C:\Program Files\JetBrains\IntelliJ IDEA Community Edition 2021.3.3\lib\ant\lib\ant-apache-regexp.jar;C:\Program Files\JetBrains\IntelliJ IDEA Community Edition 2021.3.3\lib\ant\lib\ant-apache-resolver.jar;C:\Program Files\JetBrains\IntelliJ IDEA Community Edition 2021.3.3\lib\ant\lib\ant-apache-xalan2.jar;C:\Program Files\JetBrains\IntelliJ IDEA Community Edition 2021.3.3\lib\ant\lib\ant-commons-logging.jar;C:\Program Files\JetBrains\IntelliJ IDEA Community Edition 2021.3.3\lib\ant\lib\ant-commons-net.jar;C:\Program Files\JetBrains\IntelliJ IDEA Community Edition 2021.3.3\lib\ant\lib\ant-jai.jar;C:\Program Files\JetBrains\IntelliJ IDEA Community Edition 2021.3.3\lib\ant\lib\ant-javamail.jar;C:\Program Files\JetBrains\IntelliJ IDEA Community Edition 2021.3.3\lib\ant\lib\ant-jdepend.jar;C:\Program Files\JetBrains\IntelliJ IDEA Community Edition 2021.3.3\lib\ant\lib\ant-jmf.jar;C:\Program Files\JetBrains\IntelliJ IDEA Community Edition 2021.3.3\lib\ant\lib\ant-jsch.jar;C:\Program Files\JetBrains\IntelliJ IDEA Community Edition 2021.3.3\lib\ant\lib\ant-junit.jar;C:\Program Files\JetBrains\IntelliJ IDEA Community Edition 2021.3.3\lib\ant\lib\ant-junit4.jar;C:\Program Files\JetBrains\IntelliJ IDEA Community Edition 2021.3.3\lib\ant\lib\ant-junitlauncher.jar;C:\Program Files\JetBrains\IntelliJ IDEA Community Edition 2021.3.3\lib\ant\lib\ant-launcher.jar;C:\Program Files\JetBrains\IntelliJ IDEA Community Edition 2021.3.3\lib\ant\lib\ant-netrexx.jar;C:\Program Files\JetBrains\IntelliJ IDEA Community Edition 2021.3.3\lib\ant\lib\ant-swing.jar;C:\Program Files\JetBrains\IntelliJ IDEA Community Edition 2021.3.3\lib\ant\lib\ant-testutil.jar;C:\Program Files\JetBrains\IntelliJ IDEA Community Edition 2021.3.3\lib\ant\lib\ant-xz.jar;C:\Program Files\JetBrains\IntelliJ IDEA Community Edition 2021.3.3\lib\ant\lib\ant.jar;C:\Program Files\JetBrains\IntelliJ IDEA Community Edition 2021.3.3\lib\idea_rt.jar" />
    <property name="java.vm.vendor" value="Oracle Corporation" />
    <property name="sun.arch.data.model" value="64" />
    <property name="user.variant" value="" />
    <property name="java.vendor.url" value="https://openjdk.java.net/" />
    <property name="user.timezone" value="" />
    <property name="java.vm.specification.version" value="11" />
    <property name="os.name" value="Windows 10" />
    <property name="user.country" value="US" />
    <property name="sun.java.launcher" value="SUN_STANDARD" />
    <property name="sun.boot.library.path" value="C:\Program Files\Java\jdk-11.0.12\bin" />
    <property name="sun.java.command" value="com.intellij.rt.ant.execution.AntMain2 -logger com.intellij.rt.ant.execution.IdeaAntLogger2 -inputhandler com.intellij.rt.ant.execution.IdeaInputHandler -buildfile C:\Users\S\git\Rational\build.xml test" />
    <property name="jdk.debug" value="release" />
    <property name="sun.cpu.endian" value="little" />
    <property name="user.home" value="C:\Users\S" />
    <property name="user.language" value="en" />
    <property name="java.specification.vendor" value="Oracle Corporation" />
    <property name="java.version.date" value="2021-07-20" />
    <property name="java.home" value="C:\Program Files\Java\jdk-11.0.12" />
    <property name="file.separator" value="\" />
    <property name="basedir" value="C:\Users\S\git\Rational" />
    <property name="java.vm.compressedOopsMode" value="32-bit" />
    <property name="line.separator" value="&#xd;&#xa;" />
    <property name="ant.java.version" value="11" />
    <property name="java.specification.name" value="Java Platform API Specification" />
    <property name="java.vm.specification.vendor" value="Oracle Corporation" />
    <property name="java.awt.graphicsenv" value="sun.awt.Win32GraphicsEnvironment" />
    <property name="user.script" value="" />
    <property name="sun.management.compiler" value="HotSpot 64-Bit Tiered Compilers" />
    <property name="java.runtime.version" value="11.0.12+8-LTS-237" />
    <property name="user.name" value="S" />
    <property name="ant.file" value="C:\Users\S\git\Rational\build.xml" />
    <property name="path.separator" value=";" />
    <property name="os.version" value="10.0" />
    <property name="java.runtime.name" value="Java(TM) SE Runtime Environment" />
    <property name="ant.project.invoked-targets" value="test" />
    <property name="file.encoding" value="UTF-8" />
    <property name="java.vm.name" value="Java HotSpot(TM) 64-Bit Server VM" />
    <property name="java.vendor.version" value="18.9" />
    <property name="ant.core.lib" value="C:\Program Files\JetBrains\IntelliJ IDEA Community Edition 2021.3.3\lib\ant\lib\ant.jar" />
    <property name="java.vendor.url.bug" value="https://bugreport.java.com/bugreport/" />
    <property name="java.io.tmpdir" value="C:\Users\S\AppData\Local\Temp\" />
    <property name="java.version" value="11.0.12" />
    <property name="user.dir" value="C:\Users\S\git\Rational" />
    <property name="os.arch" value="amd64" />
    <property name="java.vm.specification.name" value="Java Virtual Machine Specification" />
    <property name="java.awt.printerjob" value="sun.awt.windows.WPrinterJob" />
    <property name="ant.home" value="C:\Program Files\JetBrains\IntelliJ IDEA Community Edition 2021.3.3\lib\ant" />
    <property name="sun.os.patch.level" value="" />
    <property name="ant.version" value="Apache Ant(TM) version 1.10.5 compiled on July 10 2018" />
    <property name="java.library.path" value="C:\Program Files\Java\jdk-11.0.12\bin;C:\Windows\Sun\Java\bin;C:\Windows\system32;C:\Windows;C:\Program Files (x86)\Common Files\Intel\Shared Libraries\redist\intel64\compiler;C:\Program Files\Common Files\Oracle\Java\javapath;C:\Program Files\NVIDIA GPU Computing Toolkit\CUDA\v11.5\bin;C:\Program Files\NVIDIA GPU Computing Toolkit\CUDA\v11.5\libnvvp;C:\Windows\system32;C:\Windows;C:\Windows\System32\Wbem;C:\Windows\System32\WindowsPowerShell\v1.0\;C:\Windows\System32\OpenSSH\;C:\Program Files\NVIDIA Corporation\NVIDIA NvDLISR;C:\Program Files\NVIDIA Corporation\Nsight Compute 2021.3.1\;C:\Program Files (x86)\NVIDIA Corporation\PhysX\Common;C:\Program Files\Git\cmd;C:\Program Files\dotnet\;C:\Program Files\Cloudflare\Cloudflare WARP\;C:\Program Files (x86)\dotnet\;C:\Users\S\scoop\apps\nvm\current\nodejs\nodejs;C:\Users\S\scoop\apps\gcc\current\bin;C:\Users\S\scoop\shims;C:\Program Files\MySQL\MySQL Shell 8.0\bin\;C:\Users\S\AppData\Local\Programs\Python\Python39\Scripts\;C:\Users\S\AppData\Local\Programs\Python\Python39\;C:\Users\S\AppData\Local\Microsoft\WindowsApps;C:\Users\S\AppData\Local\Programs\Microsoft VS Code\bin;C:\Users\S\icu4c-69_1-Win64-MSVC2019\bin64;C:\Users\S\Downloads\mongosh-1.1.6-win32-x64\bin;C:\Users\S\.dotnet\tools;C:\Users\S\git\flutter\bin;C:\Users\S\AppData\Local\Android\Sdk\cmdline-tools\latest\bin;C:\Users\S\AppData\Local\Google\Cloud SDK\google-cloud-sdk\bin;C:\Users\S\AppData\Local\gitkraken\bin;C:\Program Files\MongoDB\Server\5.0\bin;C:\Users\S\AppData\Local\Programs\mongosh\;;." />
    <property name="java.vm.info" value="mixed mode" />
    <property name="java.vendor" value="Oracle Corporation" />
    <property name="java.vm.version" value="11.0.12+8-LTS-237" />
    <property name="sun.io.unicode.encoding" value="UnicodeLittle" />
    <property name="java.class.version" value="55.0" />
  </properties>
  <testcase classname="RationalTest" name="testAdd" time="0.003" />
  <testcase classname="RationalTest" name="testSubtract" time="0.0" />
  <testcase classname="RationalTest" name="testToString" time="0.005" />
  <testcase classname="RationalTest" name="testCompareTo" time="0.0" />
  <testcase classname="RationalTest" name="testDivide" time="0.0" />
  <testcase classname="RationalTest" name="testEquals" time="0.0" />
  <testcase classname="RationalTest" name="testMultiply" time="0.0" />
  <system-out><![CDATA[]]></system-out>
  <system-err><![CDATA[]]></system-err>
</testsuite>
